2-faced
2-faces
a+
abnormal
abolish
abominable
abominably
abominate
abomination
abort
aborted
aborts
abounds
abrade
abrasive
abrupt
abruptly
abscond
absence
absent-minded
absentee
absurd
absurdity
absurdly
absurdness
abundance
abundant
abuse
abused
abuses
abusive
abysmal
abysmally
abyss
accessable
accidental
acclaim
acclaimed
acclamation
accolade
accolades
accommodative
accomodative
accomplish
accomplished
accomplishments
accost
accurately
accursed
accusation
accusations
accuse
accuses
accusing
accusingly
acerbate
acerbic
acerbically
ache
ached
aches
achey
achievable
achievements
achievible
aching
acrid
acridly
acridness
acrimonious
acrimoniously
acrimony
acumen
adamant
adamantly
adaptable
adaptive
addict
addicted
addicting
addicts
adequate
adjustable
admirable
admirably
admiration
admire
admirer
admiring
admiringly
admonish
admonisher
admonishingly
admonishment
admonition
adorable
adore
adored
adorer
adoring
adoringly
adroit
adroitly
adulate
adulation
adulatory
adulterate
adulterated
adulteration
adulterier
advantage
advantageous
advantageously
advantages
adventuresome
adventurous
adversarial
adversary
adverse
adversity
advocate
advocated
advocates
affability
affable
affably
affectation
affection
affectionate
affinity
affirm
affirmation
affirmative
afflict
affliction
afflictive
affluence
affluent
afford
affordable
affordably
affront
afordable
afraid
aggravate
aggravating
aggravation
aggression
aggressive
aggressiveness
aggressor
aggrieve
aggrieved
aggrivation
aghast
agile
agilely
agility
agonies
agonize
agonizing
agonizingly
agony
agreeable
agreeableness
agreeably
aground
ail
ailing
ailment
aimless
alarm
alarmed
alarming
alarmingly
alienate
alienated
alienation
all-around
allegation
allegations
allege
allergic
allergies
allergy
alluring
alluringly
aloof
altercation
altruistic
altruistically
amaze
amazed
amazement
amazes
amazing
amazingly
ambiguity
ambiguous
ambitious
ambitiously
ambivalence
ambivalent
ambush
ameliorate
amenable
amenity
amiability
amiabily
amiable
amicability
amicable
amicably
amiss
amity
amply
amputate
amuse
amusing
amusingly
anarchism
anarchist
anarchistic
anarchy
anemic
angel
angelic
anger
angrily
angriness
angry
anguish
animosity
annihilate
annihilation
annoy
annoyance
annoyances
annoyed
annoying
annoyingly
annoys
anomalous
anomaly
antagonism
antagonist
antagonistic
antagonize
anti-
anti-american
anti-israeli
anti-occupation
anti-proliferation
anti-semites
anti-social
anti-us
anti-white
antipathy
antiquated
antithetical
anxieties
anxiety
anxious
anxiously
anxiousness
apathetic
apathetically
apathy
apocalypse
apocalyptic
apologist
apologists
apotheosis
appal
appall
appalled
appalling
appallingly
appeal
appealing
applaud
appreciable
appreciated
appreciates
appreciative
appreciatively
apprehension
apprehensions
apprehensive
apprehensively
approval
approve
arbitrary
arcane
archaic
ardent
ardently
ardor
arduous
arduously
argumentative
arrogance
arrogant
arrogantly
articulate
ashamed
asinine
asininely
asinininity
askance
asperse
aspersion
aspersions
aspiration
aspirations
aspire
assail
assassin
assassinate
assault
assult
assurance
assurances
assure
assuredly
assuring
astonish
astonished
astonishing
astonishingly
astonishment
astound
astounded
astounding
astoundingly
astray
astutely
asunder
atrocious
atrocities
atrocity
atrophy
attack
attentive
attraction
attractive
attractively
attune
audacious
audaciously
audaciousness
audacity
audible
audibly
audiciously
auspicious
austere
authoritarian
authoritative
autocrat
autocratic
autonomous
available
avalanche
avarice
avaricious
avariciously
avenge
aver
averse
aversion
avid
avidly
award
awarded
awards
awe
awed
aweful
awesome
awesomely
awesomeness
awestruck
awfully
awfulness
awkward
awkwardness
awsome
ax
babble
back-logged
back-wood
back-woods
backache
backaches
backaching
backbite
backbiting
backbone
backward
backwardness
backwood
backwoods
bad
badly
baffle
baffled
bafflement
baffling
bait
balk
banalize
bane
banish
banishment
bankrupt
barbarian
barbaric
barbarically
barbarity
barbarous
barbarously
barren
baseless
bash
bashed
bashful
bashing
bastard
bastards
battered
battering
batty
bearish
beastly
beauteous
beautiful
beautifullly
beautify
beauty
beckon
beckoned
beckoning
beckons
bedlam
bedlamite
befoul
beg
beggar
beggarly
begging
beguile
belabor
belated
beleaguer
belie
believable
believeable
belittle
belittled
belittling
bellicose
belligerence
belligerent
belligerently
beloved
bemoan
bemoaning
bemused
benefactor
beneficent
beneficial
beneficially
beneficiary
benefit
benefits
benevolence
benevolent
benifits
bent
berate
bereave
bereavement
bereft
berserk
beseech
beset
besiege
besmirch
best
best-known
best-performing
best-selling
bestial
betray
betrayal
betrayals
betrayer
betraying
betrays
better
better-known
better-than-expected
beutifully
bewail
beware
bewilder
bewildered
bewildering
bewilderingly
bewilderment
bewitch
bias
biased
biases
bicker
bickering
bid-rigging
bigotries
bigotry
bitch
bitchy
biting
bitingly
bitter
bitterly
bitterness
bizarre
blab
blabber
blackmail
blah
blame
blameless
blameworthy
bland
blandish
blaspheme
blasphemous
blasphemy
blasted
blatant
blatantly
blather
bleak
bleakly
bleakness
bleed
bleeding
bleeds
blemish
bless
blessing
blind
blinding
blindingly
blindside
bliss
blissful
blissfully
blister
blistering
blithe
bloated
blockage
blockbuster
blockhead
bloodshed
bloodthirsty
bloody
bloom
blossom
blotchy
blow
blunder
blundering
blunders
blunt
blur
bluring
blurred
blurring
blurry
blurs
blurt
boastful
boggle
bogus
boil
boiling
boisterous
bolster
bomb
bombard
bombardment
bombastic
bondage
bonkers
bonny
bonuses
boom
booming
boost
bore
bored
boredom
bores
botch
bother
bothered
bothering
bothers
bothersome
boundless
bountiful
bowdlerize
boycott
braggart
bragger
brainiest
brainless
brainwash
brainy
brand-new
brash
brashly
brashness
brat
bravado
brave
bravery
brazen
brazenly
brazenness
breach
break
break-up
break-ups
breakdown
breaks
breakthrough
breakthroughs
breakup
breakups
breathlessness
breathtaking
breathtakingly
breeze
bribery
brighten
brighter
brightest
brilliance
brilliances
brimstone
brisk
bristle
brittle
broke
broken
broken-hearted
brood
brotherly
browbeat
bruise
bruised
bruises
bruising
brusque
brutal
brutalising
brutalities
brutality
brutalize
brutalizing
brutally
brute
brutish
bs
buckle
bug
bugging
buggy
bugs
bulkier
bulkiness
bulky
bulkyness
bull****
bull----
bullies
bullish
bullshit
bullshyt
bully
bullying
bullyingly
bum
bump
bumped
bumping
bumpping
bumps
bumpy
bungle
bungler
bungling
bunk
buoyant
burden
burdensome
burdensomely
burn
burned
burning
burns
bust
busts
busybody
butcher
butchery
buzzing
byzantine
cackle
cajole
calamities
calamitous
calamitously
calamity
callous
calm
calming
calmness
calumniate
calumniation
calumnies
calumnious
calumniously
calumny
cancer
cancerous
cannibal
cannibalize
capability
capable
capably
capitulate
capricious
capriciously
capriciousness
capsize
captivate
captivating
carefree
careless
carelessness
caricature
carnage
carp
cartoonish
cash-strapped
cashback
cashbacks
castigate
castrated
casualty
cataclysm
cataclysmal
cataclysmic
cataclysmically
catastrophe
catastrophes
catastrophic
catastrophically
catastrophies
caustic
caustically
cautionary
cave
celebrate
celebrated
celebration
celebratory
censure
chafe
chaff
chagrin
champ
chaos
chaotic
charisma
charismatic
charitable
charm
charming
charmingly
chaste
chasten
chastise
chastisement
chatter
chatterbox
cheap
cheapen
cheaper
cheapest
cheaply
cheat
cheated
cheater
cheating
cheats
checkered
cheer
cheerful
cheerless
cheery
cherish
cherished
cherub
chic
chide
childish
chill
chilly
chintzy
chivalrous
chivalry
choke
choleric
choppy
chore
chronic
chunky
civility
civilize
clamor
clamorous
clarity
clash
classy
cleaner
cleanest
cleanliness
cleanly
clear-cut
cleared
clearer
clears
clever
cleverly
cliche
cliched
clique
clog
clogged
clogs
cloud
clouding
cloudy
clueless
clumsy
clunky
coarse
cocky
coerce
coercion
coercive
cohere
coherence
coherent
cohesive
cold
coldly
collapse
collude
collusion
colorful
combative
combust
comely
comfort
comfortable
comfortably
comforting
comfy
comical
commend
commendable
commendably
commiserate
commodious
commonplace
commotion
commotions
compactly
compassion
compassionate
compatible
competitive
complacent
complained
complains
complaint
complaints
complementary
complemented
complements
complex
compliant
complicated
complication
complicit
compliment
complimentary
compulsion
compulsive
concede
conceded
conceit
conceited
concen
concens
concern
concerned
concerns
concession
conciliate
conciliatory
concise
condemn
condemnable
condemnation
condemned
condemns
condescend
condescending
condescendingly
condescension
confess
confession
confessions
confidence
confident
confined
conflict
conflicted
conflicting
conflicts
confound
confounded
confounding
confront
confrontation
confrontational
confuse
confused
confuses
confusing
confusion
confusions
congenial
congested
congestion
congratulate
congratulation
congratulations
congratulatory
cons
conscientious
conscons
considerate
consistent
consistently
conspicuous
conspicuously
conspiracies
conspiracy
conspirator
conspiratorial
conspire
consternation
constructive
consummate
contagious
contaminate
contaminated
contaminates
contaminating
contamination
contempt
contemptible
contemptuous
contemptuously
contend
contention
contentious
contentment
continuity
contort
contortions
contradict
contradiction
contradictory
contrariness
contrasty
contravene
contribution
contrive
contrived
controversial
controversy
convenience
convenient
conveniently
convience
convienient
convient
convincing
convincingly
convoluted
coolest
cooperative
cooperatively
cornerstone
correct
correctly
corrode
corrosion
corrosions
corrosive
corrupt
corrupted
corrupting
corruption
corrupts
corruptted
cost-effective
cost-saving
costlier
costly
counter-attack
counter-attacks
counter-productive
counterproductive
coupists
courage
courageous
courageously
courageousness
courteous
courtly
covenant
covetous
coward
cowardly
cozy
crabby
crack
cracked
cracks
craftily
craftly
crafty
cramp
cramped
cramping
cranky
crap
crappy
craps
crashed
crashes
crashing
crass
craven
cravenly
craze
crazily
craziness
crazy
creak
creaking
creaks
creative
credence
credible
credulous
creep
creeping
creeps
creepy
crept
cringe
cringed
cringes
cripple
crippled
cripples
crippling
crisp
crisper
critic
critical
criticisms
criticize
criticized
criticizing
critics
cronyism
crook
crooked
crooks
crowded
crowdedness
crude
cruel
crueler
cruelly
cruelness
cruelties
cruelty
crumble
crumbling
crummy
crumple
crumpled
crumples
crush
crushed
crushing
cry
culpable
culprit
cumbersome
cunt
cunts
cuplrit
cure
cure-all
curse
cursed
curses
curt
cushy
cuss
cussed
cute
cuteness
cutthroat
cynical
cynicism
d*mn
damage
damaged
damages
damaging
damn
damnable
damnably
damnation
damned
damning
damper
danger
dangerous
dangerousness
danke
danken
daring
daringly
darken
darkened
darker
darkness
darling
dashing
dastard
dastardly
daunt
daunting
dauntingly
dauntless
dawdle
dawn
daze
dazed
dazzle
dazzled
dazzling
dead-cheap
dead-on
deadbeat
deadlock
deadly
deadweight
deaf
dearth
death
debacle
debase
debasement
debaser
debatable
debauch
debaucher
debauchery
debilitate
debilitating
debility
debt
debts
decadence
decadent
decay
decayed
deceit
deceitful
deceitfully
deceitfulness
deceive
deceiver
deceivers
deceiving
decency
deception
deceptive
deceptively
decisive
decisiveness
declaim
decline
declines
declining
decrement
decrepit
decrepitude
decry
dedicated
defamation
defamations
defamatory
defame
defeat
defeated
defeating
defeats
defect
defective
defender
defensive
deference
defiance
defiant
defiantly
deficiencies
deficiency
deficient
defile
defiler
deform
deformed
defrauding
deft
defunct
defy
degenerate
degenerately
degeneration
deginified
degradation
degrade
degrading
degradingly
dehumanization
dehumanize
deign
deject
dejected
dejectedly
dejection
delay
delayed
delaying
delays
delectable
delicacy
delicious
delight
delighted
delightful
delightfully
delightfulness
delinquency
delinquent
delirious
delirium
delude
deluded
deluge
delusion
delusional
delusions
demean
demeaning
demise
demolish
demolisher
demon
demonic
demonize
demonized
demonizes
demonizing
demoralize
demoralizing
demoralizingly
denial
denied
denies
denigrate
denounce
dense
dent
dented
dents
denunciate
denunciation
denunciations
deny
denying
dependable
dependably
deplete
deplorable
deplorably
deplore
deploring
deploringly
deprave
depraved
depravedly
deprecate
depress
depressed
depressing
depressingly
depression
depressions
deprive
deprived
deride
derision
derisive
derisively
derisiveness
derogatory
desecrate
desert
desertion
deservedly
deserving
desiccate
desiccated
desirable
desiring
desirous
desititute
desolate
desolately
desolation
despair
despairing
despairingly
desperate
desperately
desperation
despicable
despicably
despise
despised
despoil
despoiler
despondence
despondency
despondent
despondently
despot
despotic
despotism
destabilisation
destains
destiny
destitute
destitution
destroy
destroyer
destruction
destructive
desultory
detachable
deter
deteriorate
deteriorating
deterioration
deterrent
detest
detestable
detestably
detested
detesting
detests
detract
detracting
detraction
detracts
detriment
detrimental
devastate
devastated
devastates
devastating
devastatingly
devastation
deviate
deviation
devil
devilish
devilishly
devilment
devilry
devious
deviously
deviousness
devoid
devout
dexterous
dexterously
dextrous
diabolic
diabolical
diabolically
diametrically
diappointed
diatribe
diatribes
dick
dictator
dictatorial
die
die-hard
died
difficulties
difficulty
diffidence
dignified
dignify
dignity
dilapidated
dilemma
diligence
diligently
dilly-dally
dim
dimmer
din
ding
dings
dinky
diplomatic
dire
direly
direness
dirt
dirt-cheap
dirtbag
dirtbags
dirts
disable
disabled
disaccord
disadvantage
disadvantaged
disadvantageous
disadvantages
disaffect
disaffected
disaffirm
disagree
disagreeable
disagreeably
disagreed
disagreeing
disagreement
disagrees
disallow
disapointed
disapointing
disapointment
disappoint
disappointed
disappointingly
disappointment
disappointments
disappoints
disapprobation
disapproval
disapprove
disapproving
disarm
disarray
disaster
disasterous
disastrous
disastrously
disavow
disavowal
disbelief
disbelieve
disbeliever
disclaim
discombobulate
discomfit
discomfititure
discomfort
discompose
disconcert
disconcerted
disconcerting
disconcertingly
disconsolate
disconsolately
disconsolation
discontent
discontented
discontentedly
discontinued
discontinuity
discontinuous
discord
discordance
discordant
discountenance
discourage
discouragement
discouraging
discouragingly
discourteous
discourteously
discoutinous
discredit
discrepant
discriminate
discrimination
discriminatory
disdain
disdained
disdainful
disdainfully
disfavor
disgrace
disgraced
disgraceful
disgracefully
disgruntle
disgruntled
disgust
disgusted
disgustedly
disgustful
disgustfully
disgusting
disgustingly
dishearten
disheartening
dishearteningly
dishonest
dishonestly
dishonesty
dishonor
dishonorable
dishonorablely
disillusion
disillusioned
disillusionment
disillusions
disinclination
disinclined
disingenuous
disingenuously
disintegrate
disintegrated
disintegrates
disintegration
disinterest
disinterested
dislike
disliked
dislikes
disliking
dislocated
disloyal
disloyalty
dismal
dismally
dismalness
dismay
dismayed
dismaying
dismayingly
dismissive
dismissively
disobedience
disobedient
disobey
disoobedient
disorder
disordered
disorderly
disorganized
disorient
disoriented
disown
disparage
disparaging
disparagingly
dispensable
dispirit
dispirited
dispiritedly
dispiriting
displace
displaced
displease
displeased
displeasing
displeasure
disproportionate
disprove
disputable
dispute
disputed
disquiet
disquieting
disquietingly
disquietude
disregard
disregardful
disreputable
disrepute
disrespect
disrespectable
disrespectablity
disrespectful
disrespectfully
disrespectfulness
disrespecting
disrupt
disruption
disruptive
dissapointed
dissappointed
dissappointing
dissatisfaction
dissatisfactory
dissatisfied
dissatisfies
dissatisfy
dissatisfying
dissed
dissemble
dissembler
dissension
dissent
dissenter
dissention
disservice
disses
dissidence
dissident
dissidents
dissing
dissocial
dissolute
dissolution
dissonance
dissonant
dissonantly
dissuade
dissuasive
distains
distaste
distasteful
distastefully
distinction
distinctive
distort
distorted
distortion
distorts
distract
distracting
distraction
distraught
distraughtly
distraughtness
distress
distressed
distressing
distressingly
distrust
distrustful
distrusting
disturb
disturbance
disturbed
disturbing
disturbingly
disunity
disvalue
divergent
diversified
divine
divinely
divisive
divisively
divisiveness
dizzing
dizzingly
dizzy
doddering
dodgey
dogged
doggedly
dogmatic
doldrums
dominate
dominated
dominates
domineer
domineering
donside
doom
doomsday
dope
dote
dotingly
doubtful
doubtfully
doubtless
doubts
douchbag
douchebag
douchebags
downbeat
downcast
downer
downfall
downfallen
downgrade
downhearted
downheartedly
downhill
downside
downsides
downturn
downturns
drab
draconian
draconic
drag
dragged
dragging
dragoon
drags
drain
drained
draining
drains
drastic
drastically
drawback
drawbacks
dread
dreadful
dreadfully
dreadfulness
dreamland
dreary
dripped
dripping
drippy
drips
drones
droop
droops
drop-out
drop-outs
dropout
dropouts
drought
drowning
drunk
drunkard
drunken
dubious
dubiously
dubitable
dud
dullard
dumb
dumbfound
dumbfounded
dumbfounding
dummy-proof
dump
dumped
dumping
dumps
dunce
dungeon
dungeons
dupe
dust
dusty
dwindling
dying
eager
eagerly
eagerness
earnest
earnestly
earnestness
earsplitting
ease
eased
eases
easier
easiest
easiness
easing
easy-to-use
easygoing
ebullience
ebullient
ebulliently
eccentric
eccentricity
ecenomical
economical
ecstasies
ecstasy
ecstatic
ecstatically
edify
educated
effective
effectively
effectiveness
effectual
efficacious
efficient
efficiently
effigy
effortless
effortlessly
effrontery
effusion
effusive
effusively
effusiveness
egocentric
egomania
egotism
egotistical
egotistically
egregious
egregiously
elan
elate
elated
elatedly
elation
election-rigger
electrify
elegance
elegant
elegantly
elevate
elimination
elite
eloquence
eloquent
emaciated
emasculate
embarrass
embarrassing
embarrassingly
embarrassment
embattled
embolden
embroil
embroiled
embroilment
emergency
eminence
eminent
empathize
empathy
emphatic
emphatically
empower
empowerment
emptiness
enchant
enchanted
enchanting
enchantingly
encourage
encouragement
encouraging
encouragingly
encroach
encroachment
endanger
endear
endearing
endorse
endorsed
endorsement
endorses
endorsing
enemies
enemy
energetic
energize
energy-efficient
energy-saving
enervate
enfeeble
enflame
engrossing
engulf
enhance
enhanced
enhancement
enhances
enjoin
enjoy
enjoyably
enjoyed
enjoying
enjoyment
enlighten
enlightenment
enliven
enmity
ennoble
enough
enrage
enraged
enraging
enrapt
enrapture
enraptured
enrich
enrichment
enslave
entangle
entanglement
enterprising
entertain
entertains
enthral
enthrall
enthralled
enthuse
enthusiasm
enthusiast
enthusiastic
enthusiastically
entice
enticed
enticing
enticingly
entranced
entrancing
entrap
entrapment
entrust
enviable
enviably
envious
enviously
enviousness
envy
epidemic
equitable
equivocal
erase
ergonomical
erode
erodes
erosion
err
err-free
errant
erratic
erratically
erroneous
erroneously
error
errors
erudite
eruptions
escapade
eschew
estranged
ethical
eulogize
euphoria
euphoric
euphorically
evade
evaluative
evasion
evasive
evenly
eventful
everlasting
evildoer
evils
eviscerate
evocative
exacerbate
exagerate
exagerated
exagerates
exaggerate
exaggeration
exalt
exaltation
exalted
exaltedly
exalting
exaltingly
examplar
examplary
exasperate
exasperated
exasperating
exasperatingly
exasperation
excallent
exceed
exceeded
exceeding
exceedingly
exceeds
excel
exceled
excelent
excellant
excelled
excellence
excellency
excels
exceptional
exceptionally
excessive
excessively
excite
excited
excitedly
excitedness
excitement
excites
exciting
excitingly
exclusion
excoriate
excruciating
excruciatingly
excuse
excuses
execrate
exellent
exemplar
exemplary
exhaust
exhausted
exhaustion
exhausts
exhilarate
exhilarating
exhilaratingly
exhilaration
exhorbitant
exhort
exile
exonerate
exorbitant
exorbitantance
exorbitantly
expansive
expeditiously
expel
expensive
expertly
expire
expired
explode
exploit
exploitation
explosive
expropriate
expropriation
expulse
expunge
exquisite
exquisitely
exterminate
extermination
extinguish
extol
extoll
extort
extortion
extraneous
extraordinarily
extravagance
extravagant
extravagantly
extremism
extremist
extremists
exuberance
exuberant
exuberantly
exult
exultant
exultation
exultingly
eye-catch
eye-catching
eyecatch
eyecatching
eyesore
f**k
fabricate
fabrication
fabulous
fabulously
facetious
facetiously
facilitate
fail
failed
failing
fails
failure
failures
faint
fainthearted
fair
fairly
fairness
faith
faithful
faithfully
faithfulness
faithless
fall
fallacies
fallacious
fallaciously
fallaciousness
fallacy
fallen
falling
fallout
falls
false
falsehood
falsely
falsify
falter
faltered
fame
famed
famine
famished
famously
fanatic
fanatical
fanatically
fanaticism
fanatics
fancier
fanciful
fancinating
fancy
fanfare
fantastically
far-fetched
farce
farcical
farcical-yet-provocative
farcically
farfetched
fascinate
fascinating
fascinatingly
fascination
fascism
fascist
fashionable
fashionably
fast-growing
faster
fastest
fastest-growing
fastidious
fastidiously
fastuous
fat
fat-cat
fat-cats
fatal
fatalistic
fatalistically
fatcat
fatcats
fateful
fatefully
fathomless
fatigue
fatigued
fatique
fatty
fatuity
fatuous
fatuously
fault
faultless
faults
faulty
fav
fave
favor
favorable
favored
favorited
favour
fawningly
faze
fear
fearful
fearfully
fearless
fearlessly
fears
fearsome
feasible
feasibly
feat
feature-rich
fecilitous
feckless
feeble
feeblely
feebleminded
feign
feint
feisty
felicitate
felicitous
felicity
fell
felon
felonious
ferociously
ferocity
fertile
fervent
fervently
fervid
fervidly
fervor
festive
fetid
fever
feverish
fevers
fiasco
fib
fibber
fickle
fiction
fictional
fictitious
fidelity
fidget
fidgety
fiend
fiendish
fiery
figurehead
filth
filthy
finagle
fine
fine-looking
finely
finer
finest
finicky
firmer
first-class
first-in-class
first-rate
fissures
fist
flabbergast
flabbergasted
flagging
flagrant
flagrantly
flair
flairs
flak
flake
flakey
flakieness
flaking
flaky
flare
flares
flareup
flareups
flashy
flat-out
flatter
flattering
flatteringly
flaunt
flaw
flawed
flawlessly
flaws
flee
fleed
fleeing
fleer
flees
fleeting
flexibility
flexible
flicering
flicker
flickering
flickers
flighty
flimflam
flimsy
flirt
flirty
floored
flounder
floundering
flourish
flourishing
flout
fluent
fluster
flutter
foe
fond
fondly
fondness
fool
fooled
foolhardy
foolish
foolishly
foolishness
foolproof
forbid
forbidden
forbidding
forceful
foreboding
forebodingly
foresight
forfeit
forged
forgetful
forgetfully
forgetfulness
forlorn
forlornly
formidable
forsake
forsaken
forswear
fortitude
fortuitous
fortuitously
fortunate
fortunately
fortune
foul
foully
foulness
fractious
fractiously
fracture
fragmented
fragrant
frail
frantic
frantically
franticly
fraud
fraudulent
fraught
frazzle
frazzled
freak
freaking
freakish
freakishly
freaks
free
freed
freedoms
freeze
freezes
freezing
frenetic
frenetically
frenzied
frenzy
fresher
freshest
fret
fretful
frets
friction
frictions
fried
friendliness
friendly
friggin
frigging
fright
frighten
frightening
frighteningly
frightful
frightfully
frigid
frolic
frost
frown
froze
frozen
frugal
fruitful
fruitless
fruitlessly
frustrate
frustrated
frustrates
frustrating
frustratingly
frustration
frustrations
ftw
fuck
fucking
fudge
fugitive
fulfillment
full-blown
fulminate
fumble
fume
fumes
fundamentalism
funnily
funny
furious
furiously
furor
fury
fuss
fussy
fustigate
fusty
futile
futilely
futility
futurestic
futuristic
fuzzy
gabble
gaff
gaffe
gaiety
gaily
gain
gained
gainful
gainfully
gaining
gains
gainsay
gainsayer
gall
gallant
gallantly
galling
gallingly
galls
galore
gangster
gape
garbage
garish
gasp
gauche
gaudy
gawk
gawky
geekier
geeky
geezer
gem
generosity
generously
genial
genocide
gentlest
genuine
get-rich
ghastly
ghetto
ghosting
gibber
gibberish
gibe
giddy
gifted
gimmick
gimmicked
gimmicking
gimmicks
gimmicky
gladden
gladly
gladness
glamorous
glare
glaringly
glee
gleeful
gleefully
glib
glibly
glimmer
glimmering
glisten
glistening
glitch
glitches
glitter
glitz
gloatingly
gloom
gloomy
glorify
glorious
gloriously
glory
glow
glower
glowing
glowingly
glum
glut
gnawing
goad
goading
god-awful
god-given
god-send
godlike
godsend
gold
goodly
goodness
goodwill
goof
goofy
goon
goood
gooood
gorgeous
gorgeously
gossip
graceful
gracefully
graceless
gracelessly
gracious
graciously
graciousness
graft
grainy
grand
grandeur
grapple
grate
grateful
gratefully
gratification
gratified
gratifies
gratify
gratifying
gratifyingly
grating
gratitude
gravely
greasy
greatness
greed
greedy
grief
grievance
grievances
grieve
grieving
grievous
grievously
grim
grimace
grin
grind
gripe
gripes
grisly
gritty
gross
grossly
grotesque
grouch
grouchy
groundbreaking
groundless
grouse
growl
grudge
grudges
grudging
grudgingly
gruesome
gruesomely
grumble
grumpier
grumpiest
grumpily
grumpish
grumpy
guarantee
guidance
guile
guilt
guiltily
guiltless
guilty
gullible
gumption
gush
gusto
gutless
gutsy
gutter
hack
hacks
haggard
haggle
hail
hairloss
halcyon
hale
halfhearted
halfheartedly
hallmark
hallmarks
hallowed
hallucinate
hallucination
hamper
hampered
handicapped
handier
handily
hands-down
handsome
handsomely
handy
hang
hangs
haphazard
hapless
happier
happily
happiness
harangue
harass
harassed
harasses
harassment
harboring
harbors
hard
hard-hit
hard-line
hard-liner
hard-working
hardball
harden
hardened
hardheaded
hardhearted
hardier
hardliner
hardliners
hardship
hardships
hardy
harm
harmed
harmful
harmless
harmonious
harmoniously
harmonize
harmony
harms
harpy
harridan
harried
harrow
harsh
harshly
hasseling
hassle
hassled
hassles
haste
hastily
hasty
hate
hated
hateful
hatefully
hatefulness
hater
haters
hates
hating
hatred
haughtily
haughty
haunt
haunting
havoc
hawkish
haywire
hazard
hazardous
haze
hazy
head-aches
headache
headaches
headway
heal
healthful
healthy
heartbreaker
heartbreaking
heartbreakingly
hearten
heartening
heartily
heartless
heartwarming
heathen
heaven
heavy-handed
heavyhearted
heckle
heckled
heckles
hectic
hedge
hedonistic
heedless
hegemonism
hegemonistic
hegemony
heinous
hell-bent
hellion
hells
helped
helpful
helping
helpless
helplessly
helplessness
heresy
heretic
heretical
hero
heroic
heroically
heroize
heros
hesitant
hestitant
hideous
hideously
hideousness
high-priced
high-quality
high-spirited
hilarious
hiliarious
hinder
hindrance
hiss
hissed
hissing
ho-hum
hoard
hoax
hobble
hogs
hollow
holy
honesty
honor
honorable
honored
honoring
hoodium
hoodwink
hooligan
hooray
hopeful
hopeless
hopelessly
hopelessness
horde
horrendous
horrendously
horrible
horrid
horrific
horrified
horrifies
horrify
horrifying
horrifys
hospitable
hostage
hostile
hostilities
hostility
hot
hotbeds
hotcake
hotcakes
hothead
hotheaded
hothouse
hottest
hubris
huckster
hug
hum
humane
humble
humid
humiliate
humiliating
humiliation
humility
humming
humorous
humorously
humour
humourous
hung
hurt
hurted
hurtful
hurting
hurts
hustler
hype
hypocricy
hypocrisy
hypocrite
hypocrites
hypocritical
hypocritically
hysteria
hysteric
hysterical
hysterically
hysterics
ideal
idealize
ideally
idiocies
idiocy
idiot
idiotic
idiotically
idiots
idle
idol
idolize
idolized
idyllic
ignoble
ignominious
ignominiously
ignominy
ignorance
ignorant
ignore
ill-advised
ill-conceived
ill-defined
ill-designed
ill-fated
ill-favored
ill-formed
ill-mannered
ill-natured
ill-sorted
ill-tempered
ill-treated
ill-treatment
ill-usage
ill-used
illegal
illegally
illegitimate
illicit
illiterate
illogic
illogical
illogically
illuminate
illuminati
illuminating
illumine
illusion
illusions
illusory
illustrious
ilu
imaculate
imaginary
imaginative
imbalance
imbecile
imbroglio
immaculate
immaculately
immaterial
immature
immense
imminence
imminently
immobilized
immoderate
immoderately
immodest
immoral
immorality
immorally
immovable
impair
impaired
impartial
impartiality
impartially
impasse
impassioned
impatience
impatient
impatiently
impeach
impeccable
impeccably
impedance
impede
impediment
impending
impenitent
imperfect
imperfection
imperfections
imperfectly
imperialist
imperil
imperious
imperiously
impermissible
impersonal
impertinent
impetuous
impetuously
impiety
impinge
impious
implacable
implausible
implausibly
implicate
implication
implode
impolite
impolitely
impolitic
importunate
importune
impose
imposers
imposing
imposition
impossible
impossiblity
impossibly
impotent
impoverish
impoverished
impractical
imprecate
imprecise
imprecisely
imprecision
impress
impressed
impresses
impressively
impressiveness
imprison
imprisonment
improbability
improbable
improbably
improper
improperly
impropriety
improve
improved
improvement
improvements
improves
improving
imprudence
imprudent
impudence
impudent
impudently
impugn
impulsive
impulsively
impunity
impure
impurity
inability
inaccuracies
inaccuracy
inaccurate
inaccurately
inaction
inactive
inadequacy
inadequate
inadequately
inadverent
inadverently
inadvisable
inadvisably
inane
inanely
inappropriate
inappropriately
inapt
inaptitude
inarticulate
inattentive
inaudible
incapable
incapably
incautious
incendiary
incense
incessant
incessantly
incite
incitement
incivility
inclement
incognizant
incoherence
incoherent
incoherently
incommensurate
incomparable
incomparably
incompatability
incompatibility
incompatible
incompetence
incompetent
incompetently
incomplete
incompliant
incomprehensible
incomprehension
inconceivable
inconceivably
incongruous
incongruously
inconsequent
inconsequential
inconsequentially
inconsequently
inconsiderate
inconsiderately
inconsistence
inconsistencies
inconsistency
inconsistent
inconsolable
inconsolably
inconstant
inconvenience
inconveniently
incorrect
incorrectly
incorrigible
incorrigibly
incredulous
incredulously
inculcate
indebted
indecency
indecent
indecently
indecision
indecisive
indecisively
indecorum
indefensible
indelicate
indeterminable
indeterminably
indeterminate
indifference
indifferent
indigent
indignant
indignantly
indignation
indignity
indiscernible
indiscreet
indiscreetly
indiscretion
indiscriminate
indiscriminately
indiscriminating
indistinguishable
individualized
indoctrinate
indoctrination
indolent
indulge
indulgence
indulgent
industrious
ineffective
ineffectively
ineffectiveness
ineffectual
ineffectually
ineffectualness
inefficacious
inefficacy
inefficiency
inefficient
inefficiently
inelegance
inelegant
ineligible
ineloquent
ineloquently
inept
ineptitude
ineptly
inequalities
inequality
inequitable
inequitably
inequities
inescapable
inescapably
inessential
inestimable
inestimably
inevitable
inevitably
inexcusable
inexcusably
inexorable
inexorably
inexpensive
inexperience
inexperienced
inexpert
inexpertly
inexpiable
inexplainable
inextricable
inextricably
infallibility
infallible
infallibly
infamous
infamously
infamy
infected
infection
infections
inferior
inferiority
infernal
infest
infested
infidel
infidels
infiltrator
infiltrators
infirm
inflame
inflammation
inflammatory
inflammed
inflated
inflationary
inflexible
inflict
influential
infraction
infringe
infringement
infringements
infuriate
infuriated
infuriating
infuriatingly
ingenious
ingeniously
ingenuity
ingenuous
ingenuously
inglorious
ingrate
ingratitude
inhibit
inhibition
inhospitable
inhospitality
inhuman
inhumane
inhumanity
inimical
inimically
iniquitous
iniquity
injudicious
injure
injurious
injury
injustice
injustices
innocuous
innovation
innuendo
inoperable
inopportune
inordinate
inordinately
inpressed
insane
insanely
insanity
insatiable
insecure
insecurity
insensible
insensitive
insensitively
insensitivity
insidious
insidiously
insightful
insightfully
insignificance
insignificant
insignificantly
insincere
insincerely
insincerity
insinuate
insinuating
insinuation
insociable
insolence
insolent
insolently
insolvent
insouciance
inspiration
inspirational
inspire
inspiring
instability
instable
instantly
instigate
instigator
instigators
instructive
insubordinate
insubstantial
insubstantially
insufferable
insufferably
insufficiency
insufficient
insufficiently
insular
insult
insulted
insulting
insultingly
insults
insupportable
insupportably
insurmountable
insurmountably
insurrection
intefere
inteferes
integral
integrated
intelligence
intelligent
intelligible
intense
interesting
interests
interfere
interference
interferes
intermittent
interrupt
interruption
interruptions
intimacy
intimate
intimidate
intimidating
intimidatingly
intimidation
intolerable
intolerablely
intolerance
intoxicate
intractable
intransigence
intransigent
intricate
intriguingly
intrude
intrusion
intrusive
intuitive
inundate
inundated
invader
invalid
invalidate
invalidity
invaluable
invaluablely
invasive
invective
inveigle
inventive
invidious
invidiously
invidiousness
invigorate
invigorating
invincibility
invincible
inviolable
inviolate
invisible
involuntarily
involuntary
invulnerable
irascible
irate
irately
ire
irk
irked
irking
irks
irksome
irksomely
irksomeness
irksomenesses
ironic
ironical
ironically
ironies
irony
irragularity
irrational
irrationalities
irrationality
irrationally
irrationals
irreconcilable
irrecoverable
irrecoverableness
irrecoverablenesses
irrecoverably
irredeemable
irredeemably
irreformable
irregular
irregularity
irrelevance
irrelevant
irreparable
irreplaceable
irreplacible
irrepressible
irreproachable
irresistible
irresistibly
irresolute
irresolvable
irresponsible
irresponsibly
irretating
irretrievable
irreversible
irritable
irritably
irritant
irritate
irritated
irritating
irritation
irritations
isolate
isolated
isolation
issue
issue-free
issues
itch
itching
itchy
jabber
jaded
jagged
jarring
jaundiced
jaw-droping
jaw-dropping
jealous
jealously
jealousness
jealousy
jeer
jeering
jeeringly
jeers
jeopardize
jeopardy
jerk
jerky
jitter
jitters
jittery
job-killing
jobless
joke
joker
jollify
jolly
jolt
jovial
joy
joyfully
joyous
joyously
jubilant
jubilantly
jubilate
jubilation
jubiliant
judder
juddering
judders
judicious
jumpy
junk
junky
junkyard
justly
jutter
jutters
kaput
keen
keenly
keenness
kid-friendly
killed
killer
killing
killjoy
kills
kindliness
kindly
kindness
knave
knock
knotted
knowledgeable
kook
kooky
kudos
lack
lackadaisical
lacked
lackey
lackeys
lacking
lackluster
lacks
laconic
lag
lagged
lagging
laggy
lags
laid-off
lambast
lambaste
lame
lame-duck
lament
lamentable
lamentably
languid
languish
languor
languorous
languorously
lanky
lapse
lapsed
lapses
large-capacity
lascivious
last-ditch
latency
laud
laudable
laudably
laughable
laughably
laughingstock
lavish
lavishly
law-abiding
lawbreaker
lawbreaking
lawful
lawfully
lawless
lawlessness
layoff
layoff-happy
lazy
leads
leak
leakage
leakages
leaking
leaks
leaky
lean
lech
lecher
lecherous
lechery
leech
leer
leery
left-leaning
lemon
lengthy
less-developed
lesser-known
letch
lethal
lethargic
lethargy
leverage
levity
lewd
lewdly
lewdness
liability
liable
liar
liars
liberate
liberation
liberty
licentious
licentiously
licentiousness
lie
lied
lier
life-threatening
lifeless
lifesaver
light-hearted
lighter
likable
like
liked
limit
limitation
limitations
limited
limits
limp
lionhearted
listless
litigious
little-known
lively
livid
lividly
loath
loathe
loathing
loathly
loathsome
loathsomely
lone
loneliness
loner
lonesome
long-lasting
long-time
long-winded
longing
longingly
loophole
loopholes
loot
lorn
lose
loser
losers
loses
loss
losses
loud
louder
lousy
lovable
lovably
loved
loveless
loveliness
lovelorn
lover
loves
loving
low-cost
low-price
low-priced
low-rated
low-risk
lower-priced
lowly
loyal
loyalty
lucid
lucidly
luck
luckier
luckiest
luckiness
lucky
lucrative
ludicrous
ludicrously
lugubrious
lukewarm
lull
luminous
lumpy
lunatic
lunaticism
lurch
lure
lurid
lurk
lurking
lush
luster
lustrous
luxuriant
luxuriate
luxurious
luxuriously
luxury
lying
macabre
mad
madden
maddening
maddeningly
madder
madly
madman
madness
magic
magical
magnanimous
magnanimously
magnificence
magnificently
majestic
majesty
maladjusted
maladjustment
malady
malaise
malcontent
malcontented
maledict
malevolence
malevolent
malevolently
malice
malicious
maliciously
maliciousness
malign
malignant
malodorous
maltreatment
manageable
maneuverable
mangle
mangled
mangles
mangling
mania
maniac
maniacal
manic
manipulate
manipulation
manipulative
manipulators
mar
marginal
marginally
martyrdom
martyrdom-seeking
marvel
marveled
marvelled
marvellous
marvelous
marvelously
marvelousness
marvels
mashed
massacre
massacres
masterpiece
masterpieces
mastery
matchless
matte
mature
maturely
maturity
mawkish
mawkishly
mawkishness
meager
meaningless
meanness
measly
meddle
meddlesome
mediocrity
melancholy
melodramatic
melodramatically
meltdown
menace
menacing
menacingly
mendacious
mendacity
menial
merciful
mercifully
merciless
mercilessly
mercy
merit
meritorious
merrily
merriment
merriness
merry
mesmerize
mesmerized
mesmerizes
mesmerizing
mesmerizingly
mess
messed
messes
messing
messy
meticulous
meticulously
midget
miff
mightily
mighty
militancy
mind-blowing
mindless
mindlessly
miracle
miracles
miraculous
miraculously
miraculousness
mirage
mire
misalign
misaligned
misaligns
misapprehend
misbecome
misbecoming
misbegotten
misbehave
misbehavior
miscalculate
miscalculation
miscellaneous
mischief
mischievous
mischievously
misconception
misconceptions
miscreant
miscreants
misdirection
miser
miserable
miserableness
miserably
miseries
miserly
misery
misfit
misfortune
misgiving
misgivings
misguidance
misguide
misguided
mishandle
mishap
misinform
misinformed
misinterpret
misjudge
misjudgment
mislead
misleading
misleadingly
mislike
mismanage
mispronounce
mispronounced
mispronounces
misread
misreading
misrepresent
misrepresentation
missed
misses
misstatement
mist
mistake
mistaken
mistakenly
mistakes
mistified
mistress
mistrust
mistrustful
mistrustfully
mists
misunderstand
misunderstanding
misunderstandings
misunderstood
misuse
moan
mobster
mock
mocked
mockeries
mockery
mocking
mockingly
mocks
modern
modest
modesty
molest
molestation
momentous
monotonous
monotony
monstrosities
monstrosity
monstrous
monstrously
monumental
monumentally
moot
mope
morbid
morbidly
mordant
mordantly
moribund
moron
moronic
morons
mortification
mortified
mortify
mortifying
motionless
motivated
motley
mourn
mourner
mournful
mournfully
muddle
muddy
mudslinger
mudslinging
mulish
multi-polarization
multi-purpose
mundane
murderer
murderous
murderously
murky
muscle-flexing
mushy
musty
mysterious
mysteriously
mystery
mystify
myth
na\EFve
nag
nagging
naive
naively
narrower
nastily
nastiness
nasty
naughty
nauseate
nauseates
nauseating
nauseatingly
navigable
neat
neatest
neatly
nebulous
nebulously
needless
needlessly
needy
nefarious
nefariously
negate
negation
negatives
negativity
neglect
negligence
negligent
nemesis
nepotism
nervous
nervously
nervousness
nettle
nettlesome
neurotic
neurotically
nicely
nicer
nicest
nifty
niggle
niggles
nightmare
nightmarish
nightmarishly
nimble
nitpick
nitpicking
noble
nobly
noise
noiseless
noises
noisier
noisy
non-confidence
non-violence
non-violent
nonexistent
nonresponsive
nonsense
nosey
notoriety
notorious
notoriously
nourish
nourishing
nourishment
novelty
noxious
nuisance
numb
nurturing
oasis
obese
object
objection
objectionable
objections
oblique
obliterate
obliterated
oblivious
obnoxious
obnoxiously
obscene
obscenely
obscenity
obscure
obscured
obscures
obscurity
obsess
obsession
obsessions
obsessive
obsessively
obsessiveness
obsolete
obstacle
obstinate
obstinately
obstruct
obstructed
obstructing
obstruction
obstructs
obtainable
obtrusive
obtuse
occlude
occluded
occludes
occluding
odder
oddest
oddities
oddity
oddly
odor
offence
offend
offender
offending
offenses
offensive
offensively
offensiveness
officious
ominous
ominously
omission
omit
one-sided
onerous
onerously
onslaught
openly
openness
opinionated
opponent
opportunistic
oppose
opposition
oppositions
oppress
oppression
oppressive
oppressively
oppressiveness
oppressors
optimal
optimism
optimistic
opulent
ordeal
orderly
orphan
ostracize
outbreak
outburst
outbursts
outcast
outcry
outdo
outdone
outlaw
outmoded
outperform
outperformed
outperforming
outperforms
outrage
outraged
outrageous
outrageously
outrageousness
outrages
outshine
outshone
outsider
outsmart
outstanding
outstandingly
outstrip
outwit
ovation
over-acted
over-awe
over-balanced
over-hyped
over-priced
over-valuation
overact
overacted
overawe
overbalance
overbalanced
overbearing
overbearingly
overblown
overdo
overdone
overdue
overemphasize
overheat
overjoyed
overkill
overloaded
overlook
overpaid
overpayed
overplay
overpower
overpriced
overrated
overreach
overrun
overshadow
oversight
oversights
oversimplification
oversimplified
oversimplify
oversize
overstate
overstated
overstatement
overstatements
overstates
overtake
overtaken
overtakes
overtaking
overtaxed
overthrow
overthrows
overtook
overture
overturn
overweight
overwhelm
overwhelmed
overwhelming
overwhelmingly
overwhelms
overzealous
overzealously
overzelous
pain
pain-free
painful
painfull
painfully
painless
painlessly
pains
palatial
pale
pales
paltry
pamper
pampered
pamperedly
pamperedness
pampers
pan
pandemonium
pander
pandering
panders
panic
panick
panicked
panicking
panicky
panoramic
paradoxical
paradoxically
paralize
paralyzed
paramount
paranoia
paranoid
parasite
pardon
pariah
parody
partiality
partisan
partisans
passe
passion
passionately
passive
passiveness
pathetic
pathetically
patient
patiently
patriot
patriotic
patronize
paucity
pauper
paupers
payback
peaceable
peaceful
peacefully
peacekeepers
peach
peculiarly
pedantic
peeled
peerless
peeve
peeved
peevish
peevishly
penalize
penalty
pep
pepped
pepping
peppy
peps
perfect
perfection
perfectly
perfidious
perfidity
perfunctory
peril
perilous
perilously
perish
permissible
pernicious
perplex
perplexed
perplexing
perplexity
persecute
persecution
perseverance
persevere
personages
personalized
pertinacious
pertinaciously
pertinacity
perturb
perturbed
pervasive
perverse
perversely
perversion
perversity
pervert
perverted
perverts
pessimism
pessimistic
pessimistically
pest
pestilent
petrified
petrify
pettifog
petty
phenomenally
phobia
phobic
phony
picket
picketed
picketing
pickets
picky
picturesque
piety
pig
pigs
pillage
pillory
pimple
pinch
pinnacle
pique
pitiable
pitiful
pitifully
pitiless
pitilessly
pittance
pity
plagiarize
plague
plasticky
playful
playfully
plaything
plea
pleas
pleasant
pleased
pleases
pleasing
pleasingly
pleasurable
pleasurably
pleasure
plebeian
plentiful
plight
plot
plotters
ploy
plunder
plunderer
pluses
plush
plusses
poetic
poeticize
poignant
pointless
pointlessly
poise
poised
poison
poisonous
poisonously
pokey
poky
polarisation
polemize
polished
polite
politeness
pollute
polluter
polluters
polution
pompous
poor
poorer
poorest
poorly
portable
posh
positive
positives
posturing
pout
poverty
powerful
powerfully
powerless
praise
praiseworthy
praising
prate
pratfall
prattle
pre-eminent
precarious
precariously
precious
precipitate
precipitous
precisely
predatory
predicament
preeminent
prefer
preferable
preferably
prefered
preferes
preferring
prefers
prejudge
prejudice
prejudices
prejudicial
premeditated
premier
preoccupy
preposterous
preposterously
prestigious
presumptuous
presumptuously
pretence
pretend
pretense
pretentious
pretentiously
prettily
pretty
prevaricate
priceless
pricey
pricier
prick
prickle
prickles
prideful
prik
primitive
principled
prison
prisoner
privilege
privileged
prize
proactive
problem-free
problem-solver
problematic
problems
procrastinate
procrastinates
procrastination
prodigious
prodigiously
prodigy
productive
productively
profane
profanity
proficient
proficiently
profound
profoundly
profuse
profusion
progress
prohibit
prohibitive
prohibitively
prolific
prominence
prominent
promise
promised
promises
promising
promoter
prompt
promptly
propaganda
propagandize
proper
properly
propitious
propitiously
proprietary
prosecute
prosper
prosperity
prosperous
prospros
protect
protective
protest
protested
protesting
protests
protracted
proud
proven
providence
proving
provocation
provocative
provoke
prowess
prudence
prudent
prudently
pry
pugnacious
pugnaciously
pugnacity
punch
punctual
punish
punishable
punitive
punk
puny
puppet
puppets
purify
purposeful
puzzled
puzzlement
puzzling
quack
quaint
qualified
qualify
qualm
qualms
quandary
quarrel
quarrellous
quarrellously
quarrels
quarrelsome
quash
queer
questionable
quibble
quibbles
quicker
quiet
quieter
quitter
rabid
racism
racist
racists
racy
radiance
radiant
radical
radicalization
radically
radicals
rage
ragged
raging
rail
raked
rampage
rampant
ramshackle
rancor
randomly
rankle
rant
ranted
ranting
rantingly
rants
rape
raped
rapid
raping
rapport
rapt
rapture
raptureous
raptureously
rapturous
rapturously
rascal
rascals
rash
rational
rattle
rattled
rattles
ravage
raving
razor-sharp
reachable
reactionary
readily
ready
reaffirm
reaffirmation
realistic
realizable
reasonable
reasonably
reasoned
reassurance
reassure
rebellious
rebuff
rebuke
recalcitrant
recant
receptive
recession
recessionary
reckless
recklessly
recklessness
reclaim
recoil
recomend
recommend
recommendations
recommended
reconcile
reconciliation
record-setting
recourses
recover
recovery
rectification
rectify
rectifying
redeem
redeeming
redemption
redundancy
redundant
refine
refined
refinement
reform
reformed
reforming
reforms
refresh
refreshed
refreshing
refund
refunded
refusal
refuse
refused
refuses
refusing
refutation
refute
refuted
refutes
refuting
regal
regally
regard
regress
regression
regressive
regret
regreted
regretful
regretfully
regrets
regrettable
regrettably
regretted
reject
rejected
rejecting
rejection
rejects
rejoice
rejoicing
rejoicingly
rejuvenate
rejuvenated
rejuvenating
relapse
relent
relentless
relentlessly
relentlessness
reliable
reliably
relief
relish
reluctance
reluctant
reluctantly
remarkably
remedy
remission
remorse
remorseful
remorsefully
remorseless
remorselessly
remorselessness
remunerate
renaissance
renewed
renounce
renown
renowned
renunciation
repel
repetitive
replaceable
reprehensible
reprehensibly
reprehension
reprehensive
repress
repression
repressive
reprimand
reproach
reproachful
reprove
reprovingly
repudiate
repudiation
repugn
repugnance
repugnant
repugnantly
repulse
repulsed
repulsing
repulsive
repulsively
repulsiveness
reputable
reputation
resent
resentful
resentment
resignation
resigned
resilient
resistance
resolute
resound
resounding
resourceful
resourcefulness
respect
respectable
respectful
respectfully
respite
resplendent
responsibly
responsive
restful
restless
restlessness
restored
restrict
restricted
restriction
restrictive
restructure
restructured
restructuring
resurgent
retaliate
retaliatory
retard
retarded
retardedness
retards
reticent
retract
retractable
retreat
retreated
revel
revelation
revenge
revengeful
revengefully
revere
reverence
reverent
reverently
revert
revile
reviled
revitalize
revival
revive
revives
revoke
revolt
revolting
revoltingly
revolutionary
revolutionize
revolutionized
revolutionizes
revulsion
revulsive
reward
rewardingly
rhapsodize
rhetoric
rhetorical
ricer
rich
richer
richly
richness
ridicule
ridicules
ridiculously
rife
rift
rifts
right
righten
righteous
righteously
righteousness
rightful
rightfully
rightly
rightness
rigid
rigidity
rigidness
rile
riled
rip
rip-off
ripoff
ripped
risk-free
risks
risky
rival
rivalry
roadblocks
robust
rock-star
rock-stars
rockstar
rockstars
rocky
rogue
rollercoaster
romantically
romanticize
roomier
roomy
rosy
rot
rotten
rough
rremediable
rubbish
rude
rue
ruffian
ruffle
ruin
ruined
ruining
ruinous
ruins
rumbling
rumor
rumors
rumours
rumple
run-down
runaway
rupture
rust
rusts
rusty
rut
ruthless
ruthlessly
ruthlessness
ruts
sabotage
sack
sacrificed
sad
sadden
sadly
sadness
safely
sag
sagacity
sagely
sagged
sagging
saggy
sags
saint
saintliness
saintly
salacious
salutary
salute
sanctimonious
sane
sap
sarcasm
sarcastic
sarcastically
sardonic
sardonically
sass
satirical
satirize
satisfactorily
satisfactory
satisfied
satisfies
satisfy
satisfying
satisified
savage
savaged
savagery
savages
saver
savings
savior
savvy
scaly
scam
scams
scandal
scandalize
scandalized
scandalous
scandalously
scandals
scandel
scandels
scant
scapegoat
scar
scarce
scarcely
scarcity
scare
scared
scarier
scariest
scarily
scarred
scars
scary
scathing
scathingly
scenic
sceptical
scoff
scoffingly
scold
scolded
scolding
scoldingly
scorching
scorchingly
scorn
scornful
scornfully
scoundrel
scourge
scowl
scramble
scrambled
scrambles
scrambling
scrap
scratch
scratched
scratches
scratchy
scream
screech
screw-up
screwed
screwed-up
screwy
scuff
scuffs
scum
scummy
seamless
seasoned
second-class
second-tier
secretive
secure
securely
sedentary
seedy
seethe
seething
selective
self-coup
self-criticism
self-defeating
self-destructive
self-determination
self-humiliation
self-interest
self-interested
self-respect
self-satisfaction
self-serving
self-sufficiency
self-sufficient
selfinterested
selfish
selfishly
selfishness
semi-retarded
senile
sensation
sensational
sensationalize
sensationally
sensations
senseless
senselessly
sensible
sensibly
sensitive
serene
serenity
seriousness
sermonize
servitude
set-up
setback
setbacks
sever
severe
severity
sexy
sh*t
shabby
shadowy
shady
shaky
shallow
sham
shambles
shameful
shamefully
shamefulness
shameless
shamelessly
shamelessness
shark
sharper
sharpest
sharply
shatter
shemale
shimmer
shimmering
shimmeringly
shimmy
shine
shiny
shipwreck
shirk
shirker
shit
shiver
shock
shocking
shockingly
shoddy
short-lived
shortage
shortchange
shortcoming
shortness
shortsighted
shortsightedness
showdown
shrew
shriek
shrill
shrilly
shrivel
shroud
shrouded
shrug
shun
shunned
sick
sicken
sickening
sickeningly
sickly
sickness
sidetrack
sidetracked
siege
silent
sillily
silly
simplest
simplified
simplifies
simplify
simplifying
simplistic
simplistically
sincere
sincerity
sinful
sinfully
sinister
sinisterly
sink
sinking
skeletons
skeptic
skeptical
skeptically
skepticism
sketchy
skill
skilled
skillful
skillfully
skimpy
skinny
skittish
skittishly
skulk
slack
slammin
slander
slanderer
slanderous
slanderously
slanders
slap
slashing
slaughter
slaughtered
slave
slaves
sleazy
sleek
slick
slime
slog
slogged
slogging
slogs
sloooooooooooooow
sloooow
slooow
sloow
sloppily
sloppy
sloth
slothful
slow
slow-moving
slowed
slower
slowest
slowly
sloww
slowww
slowwww
slug
sluggish
slump
slumping
slumpping
slur
slut
sluts
sly
smack
smallish
smart
smarter
smartest
smartly
smash
smear
smell
smelled
smelling
smells
smelly
smelt
smile
smiles
smiling
smilingly
smitten
smoke
smokescreen
smolder
smoldering
smooth
smoother
smoothes
smoothest
smoothly
smother
smoulder
smouldering
smudge
smudged
smudges
smudging
smug
smugly
smut
smuttier
smuttiest
smutty
snag
snagged
snagging
snags
snappish
snappishly
snappy
snare
snarky
snarl
snazzy
sneak
sneakily
sneaky
sneer
sneering
sneeringly
snob
snobbish
snobby
snobish
snobs
snub
so-cal
soapy
sob
sober
sobering
sociable
softer
solace
solemn
solicitous
solicitously
solicitude
solidarity
somber
soothe
soothingly
sophisticated
sore
sorely
soreness
sorrow
sorrowful
sorrowfully
sorry
soulful
soundly
soundness
sour
sourly
spacious
spade
spank
sparkle
sparkling
spectacularly
speedily
speedy
spellbind
spellbinding
spellbindingly
spellbound
spendy
spew
spewed
spewing
spews
spilling
spinster
spirited
spiritless
spiritual
spite
spiteful
spitefully
spitefulness
splatter
splendid
splendidly
splendor
split
splitting
spoil
spoilage
spoilages
spoilled
spoils
spontaneous
spook
spookier
spookiest
spookily
spoon-fed
spoon-feed
spoonfed
sporadic
sporty
spotless
spotty
sprightly
spurious
spurn
sputter
squabble
squabbling
squander
squash
squeak
squeaks
squeaky
squeal
squealing
squeals
squirm
stab
stability
stabilize
stable
stagnant
stagnate
stagnation
staid
stain
stainless
stains
stale
stalemate
stall
stalls
stammer
stampede
standout
standstill
starkly
startle
startling
startlingly
starvation
starve
state-of-the-art
stately
statuesque
staunch
staunchly
staunchness
steadfast
steadfastly
steadfastness
steadiest
steadiness
steady
steal
stealing
steals
steep
steeply
stellar
stellarly
stench
stereotype
stereotypical
stereotypically
stern
stew
sticky
stiff
stiffness
stifle
stifling
stiflingly
stigma
stigmatize
stimulate
stimulates
stimulating
stimulative
sting
stinging
stingingly
stingy
stink
stinks
stirringly
stole
stolen
stooge
stooges
stormy
straggle
straggler
straighten
straightforward
strain
strained
straining
strange
strangely
strangest
strangle
streaky
strenuous
stress
stresses
stressful
stressfully
stricken
strict
strictly
strident
stridently
strife
strike
striking
strikingly
stringent
stringently
striving
stronger
strongest
struck
struggled
struggles
struggling
strut
stubborn
stubbornly
stubbornness
stuck
stuffy
stumble
stumbled
stumbles
stump
stumped
stumps
stun
stunned
stunningly
stunt
stunted
stupendous
stupendously
stupid
stupidest
stupidity
stupidly
stupified
stupify
stupor
sturdier
sturdy
stutter
stuttered
stuttering
stutters
sty
stylishly
stylized
stymied
suave
suavely
sub-par
subdued
subjected
subjection
subjugate
subjugation
sublime
submissive
subordinate
subpoena
subpoenas
subservience
subservient
subsidize
subsidized
subsidizes
subsidizing
substandard
substantive
subtract
subversion
subversive
subversively
subvert
succeed
succeeded
succeeding
succeeds
succes
success
successes
successfully
succumb
suck
sucked
sucker
sucky
sue
sued
sueing
sues
suffer
suffered
sufferer
sufferers
suffering
suffers
suffice
sufficed
suffices
sufficient
sufficiently
suffocate
sugar-coat
sugar-coated
sugarcoated
suicidal
suicide
suitable
sulk
sullen
sully
sumptuous
sumptuously
sumptuousness
sunder
sunk
sunken
superbly
superficial
superficiality
superficially
superfluous
superior
superiority
superstition
superstitious
supple
supported
supporter
supportive
supports
suppress
suppression
supremacy
supreme
supremely
supurb
supurbly
surmount
surpass
surreal
surrender
survivor
susceptible
suspect
suspicion
suspicions
suspicious
suspiciously
sustainability
sustainable
swagger
swamped
swank
swankier
swankiest
swanky
sweaty
sweeping
sweet
sweeten
sweetheart
sweetly
sweetness
swelled
swelling
swift
swiftness
swindle
swipe
swollen
symptom
symptoms
syndrome
taboo
tacky
taint
tainted
talented
tamper
tangle
tangled
tangles
tank
tanked
tanks
tantalize
tantalizing
tantalizingly
tantrum
tardy
tarnish
tarnished
tarnishes
tarnishing
tattered
taunt
taunting
tauntingly
taunts
taut
tawdry
taxing
tease
teasingly
tedious
tediously
temerity
temper
tempest
tempt
temptation
tempting
temptingly
tenacious
tenaciously
tenacity
tender
tenderly
tenderness
tense
tension
tentative
tentatively
tenuous
tenuously
tepid
terrible
terribleness
terribly
terrifically
terror
terror-genic
terrorism
terrorize
testily
testy
tetchily
tetchy
thankful
thankless
thicker
thinner
thirst
thorny
thoughtfully
thoughtfulness
thoughtless
thoughtlessly
thoughtlessness
thrash
threat
threaten
threatening
threats
threesome
thrift
thrifty
thrill
thrilled
thrilling
thrillingly
thrills
thrive
thriving
throb
throbbed
throbbing
throbs
throttle
thug
thumb-down
thumb-up
thumbs-down
thumbs-up
thwart
tickle
tidy
time-consuming
time-honored
timely
timid
timidity
timidly
timidness
tin-y
tingle
tingled
tingling
tired
tiresome
tiring
tiringly
titillate
titillating
titillatingly
togetherness
toil
tolerable
toll
toll-free
top
top-heavy
top-quality
topnotch
topple
tops
torment
tormented
torrent
tortuous
torture
tortured
tortures
torturing
torturous
torturously
totalitarian
touchy
tough
tougher
toughest
toughness
tout
touted
touts
toxic
traction
traduce
tragedy
tragic
tragically
traitor
traitorous
traitorously
tramp
trample
tranquil
tranquility
transgress
transgression
transparent
trap
traped
trapped
trash
trashed
trashy
trauma
traumatic
traumatically
traumatize
traumatized
travesties
travesty
treacherous
treacherously
treachery
treason
treasonous
tremendously
trendy
trick
tricked
trickery
tricky
triumph
triumphal
triumphant
triumphantly
trivial
trivialize
trivially
trophy
trouble
trouble-free
troubled
troublemaker
troubles
troublesome
troublesomely
troubling
troublingly
truant
trump
trumpet
trust
trusted
trusting
trustingly
trustworthiness
trustworthy
trusty
truthful
truthfully
truthfulness
tumble
tumbled
tumbles
tumultuous
turbulent
turmoil
twinkly
twist
twists
two-faced
two-faces
tyrannical
tyrannically
tyranny
tyrant
ugh
uglier
ugliest
ugliness
ugly
ulterior
ultimatum
ultimatums
ultra-crisp
ultra-hardline
un-viewable
unabashed
unabashedly
unable
unacceptable
unacceptablely
unacceptably
unaccessible
unaccustomed
unachievable
unaffected
unaffordable
unappealing
unassailable
unattractive
unauthentic
unavailable
unavoidably
unbearable
unbearablely
unbeatable
unbelievably
unbound
uncaring
uncertain
uncivil
uncivilized
unclean
unclear
uncollectible
uncomfortable
uncomfortably
uncomfy
uncompetitive
uncomplicated
uncompromising
uncompromisingly
unconditional
unconfirmed
unconstitutional
uncontrolled
unconvincing
unconvincingly
uncooperative
uncouth
uncreative
undamaged
undaunted
undecided
undefined
undependability
undependable
undercut
undercuts
undercutting
underdog
underestimate
underlings
undermine
undermined
undermines
undermining
underpaid
underpowered
undersized
understandable
undesirable
undetermined
undid
undignified
undisputable
undisputably
undisputed
undissolved
undocumented
undone
undue
unease
uneasily
uneasiness
uneasy
uneconomical
unemployed
unencumbered
unequal
unequivocal
unequivocally
unethical
uneventful
unexpected
unexpectedly
unexplained
unfairly
unfaithful
unfaithfully
unfamiliar
unfavorable
unfazed
unfeeling
unfettered
unfinished
unfit
unforeseen
unforgettable
unforgiving
unfortunately
unfounded
unfriendly
unfulfilled
unfunded
ungovernable
ungrateful
unhappily
unhappiness
unhappy
unhealthy
unhelpful
unilateralism
unimaginable
unimaginably
unimportant
uninformed
uninsured
unintelligible
unintelligile
unipolar
unity
unjust
unjustifiable
unjustifiably
unjustified
unjustly
unkind
unkindly
unknown
unlamentable
unlamentably
unlawful
unlawfully
unlawfulness
unleash
unlicensed
unlikely
unlimited
unlucky
unmatched
unmoved
unnatural
unnaturally
unnecessary
unneeded
unnerve
unnerved
unnerving
unnervingly
unnoticed
unobserved
unorthodox
unorthodoxy
unparalleled
unpleasant
unpleasantries
unpopular
unpredictable
unprepared
unproductive
unprofitable
unprove
unproved
unproven
unproves
unproving
unqualified
unquestionable
unquestionably
unravel
unraveled
unreachable
unreadable
unreal
unrealistic
unreasonable
unreasonably
unrelenting
unrelentingly
unreliability
unreliable
unresolved
unresponsive
unrest
unrestricted
unrivaled
unruly
unsafe
unsatisfactory
unsavory
unscrupulous
unscrupulously
unsecure
unseemly
unselfish
unsettle
unsettled
unsettling
unsettlingly
unskilled
unsophisticated
unsound
unspeakable
unspeakablely
unspecified
unstable
unsteadily
unsteadiness
unsteady
unsuccessful
unsuccessfully
unsupported
unsupportive
unsure
unsuspecting
unsustainable
untenable
untested
unthinkable
unthinkably
untimely
untouched
untrue
untrustworthy
untruthful
unusable
unusably
unuseable
unuseably
unusual
unusually
unviewable
unwanted
unwarranted
unwatchable
unwavering
unwelcome
unwell
unwieldy
unwilling
unwillingly
unwillingness
unwise
unwisely
unworkable
unworthy
unyielding
upbeat
upbraid
upgradable
upgradeable
upgraded
upheaval
upheld
uphold
uplift
uplifting
upliftingly
upliftment
uprising
uproar
uproarious
uproariously
uproarous
uproarously
uproot
upscale
upset
upseting
upsets
upsetting
upsettingly
urgent
usable
useable
useless
user-friendly
user-replaceable
usurp
usurper
utterly
vagrant
vague
vagueness
vain
vainly
valiant
valiantly
valor
valuable
vanity
variety
vehement
vehemently
venerate
vengeance
vengeful
vengefully
vengefulness
venom
venomous
venomously
vent
verifiable
veritable
versatile
versatility
vestiges
vex
vexation
vexing
vexingly
vibrant
vibrantly
vibrate
vibrated
vibrates
vibrating
vibration
vice
vicious
viciously
viciousness
victimize
victorious
victory
viewable
vigilance
vigilant
vile
vileness
vilify
villainous
villainously
villains
villian
villianous
villianously
villify
vindictive
vindictively
vindictiveness
violate
violation
violator
violators
violent
violently
viper
virtue
virtuous
virtuously
virulence
virulent
virulently
virus
visionary
vivacious
vivid
vociferous
vociferously
volatile
volatility
vomit
vomited
vomiting
vomits
vouch
vouchsafe
vulgar
vulnerable
wack
wail
wallow
wane
waning
wanton
war-like
warily
wariness
warlike
warmer
warmhearted
warmly
warmth
warned
warning
warp
warped
wary
washed-out
waste
wasted
wasteful
wastefulness
wasting
water-down
watered-down
wayward
weak
weaken
weakening
weaker
weaknesses
wealthy
weariness
wearisome
weary
wedge
weed
weep
weird
weirdly
welcome
well-backlit
well-balanced
well-behaved
well-being
well-bred
well-connected
well-educated
well-established
well-informed
well-intentioned
well-known
well-made
well-managed
well-mannered
well-positioned
well-received
well-regarded
well-rounded
well-run
well-wishers
wellbeing
wheedle
whimper
whine
whining
whiny
whips
whoa
wholeheartedly
wholesome
whooa
whoooa
whore
whores
wicked
wickedly
wickedness
wieldy
wild
wildly
wiles
willing
willingly
willingness
wilt
wily
wimpy
win
wince
windfall
winnable
winner
winners
wins
wisdom
wise
wisely
witty
wobble
wobbled
wobbles
woe
woebegone
woeful
woefully
womanizer
womanizing
won
wonder
wonderfully
wonderous
wonderously
wonders
wondrous
woo
workable
worked
world-famous
worn
worried
worriedly
worrier
worries
worrisome
worry
worrying
worryingly
worse
worsen
worsening
worst
worth-while
worthiness
worthless
worthlessly
worthlessness
worthwhile
wound
wounds
wow
wowed
wowing
wows
wrangle
wrath
wreak
wreaked
wreaks
wrest
wrestle
wretch
wretched
wretchedly
wretchedness
wrinkle
wrinkled
wrinkles
wrip
wripped
wripping
writhe
wrong
wrongful
wrongly
wrought
yawn
yay
youthful
zap
zapped
zaps
zeal
zealot
zealous
zealously
zenith
zest
zippy
zombie
