abound
accessible
accomplishment
accurate
achievement
advanced
ample
appreciate
appropriate
attacks
authentic
awful
balanced
banal
bargain
beautifully
bonus
boring
bravo
breaking
bright
brilliant
brilliantly
catchy
challenging
champion
cheesy
classic
clean
clear
clearly
commitment
compact
complain
complaining
complement
comprehensive
concessions
conservative
cool
crash
crime
criminal
crisis
criticism
cruelest
dark
dead
decent
defects
delicate
detracted
dies
difficult
diligent
dirty
disappointing
diss
distinguished
doomed
doubt
dull
durable
dynamic
easy
eloquently
engaging
enjoyable
enjoys
entertaining
evil
excellent
excellently
extraordinary
fake
famous
fans
fantastic
fast
fast-paced
fatally
favorite
fierce
flawless
foremost
fragile
freedom
fresh
fun
funky
gems
generous
genius
gentle
glad
golden
good
grace
great
greatest
gruff
happy
heartfelt
heavenly
heck
hefty
hell
heroine
homage
honest
humor
illness
important
impressive
incredible
incredibly
innovative
instrumental
intrigue
intriguing
jam
joyful
kill
knife
lead
leading
led
legendary
lies
likes
liking
logical
lonely
loose
losing
lost
love
lovely
lyrical
magnificent
master
masterful
masterfully
masters
meaningful
mediocre
memorable
miss
monster
moody
morality
murder
negative
neglected
nice
notably
noteworthy
odd
originality
paradise
passionate
patience
peace
peculiar
phenomenal
pleasantly
popular
positively
precise
prestige
pride
problem
progressive
pros
protection
proves
pure
readable
recommendation
relaxed
remarkable
rewarding
ridiculous
risk
romantic
safe
shake
shame
sharp
shocked
shortcomings
significant
simpler
sin
sincerely
soft
solid
spectacular
spoiled
spooky
stark
static
stodgy
stranger
streamlined
strong
struggle
stunning
stylish
successful
sucks
super
superb
support
supporting
survival
talent
talents
terrific
thank
thoughtful
top-notch
treasure
twisted
unbelievable
unbiased
uneven
unfortunate
useful
warm
weakness
well
winning
wonderful
work
works
worth
worthy
wreck
